usage: run.py [-h] [--seed SEED]
              [--use_cuda_if_available USE_CUDA_IF_AVAILABLE]
              [--data_dir DATA_DIR] [--output_dir OUTPUT_DIR]
              [--model_dir MODEL_DIR] [--batch_size BATCH_SIZE]
              [--emb_size EMB_SIZE] [--hidden_size HIDDEN_SIZE]
              [--n_epochs N_EPOCHS] [--lr LR] [--dropout DROPOUT]
              [--verbose VERBOSE]
run.py: error: unrecognized arguments: --n_head=8
ERROR:torch.distributed.elastic.multiprocessing.api:failed (exitcode: 2) local_rank: 0 (pid: 1042681) of binary: /home/bgw/SAS/venv/SAS/bin/python
Traceback (most recent call last):
  File "/home/bgw/SAS/venv/SAS/bin/torchrun", line 8, in <module>
    sys.exit(main())
  File "/home/bgw/SAS/venv/SAS/lib/python3.10/site-packages/torch/distributed/elastic/multiprocessing/errors/__init__.py", line 346, in wrapper
    return f(*args, **kwargs)
  File "/home/bgw/SAS/venv/SAS/lib/python3.10/site-packages/torch/distributed/run.py", line 794, in main
    run(args)
  File "/home/bgw/SAS/venv/SAS/lib/python3.10/site-packages/torch/distributed/run.py", line 785, in run
    elastic_launch(
  File "/home/bgw/SAS/venv/SAS/lib/python3.10/site-packages/torch/distributed/launcher/api.py", line 134, in __call__
    return launch_agent(self._config, self._entrypoint, list(args))
  File "/home/bgw/SAS/venv/SAS/lib/python3.10/site-packages/torch/distributed/launcher/api.py", line 250, in launch_agent
    raise ChildFailedError(
torch.distributed.elastic.multiprocessing.errors.ChildFailedError: 
============================================================
run.py FAILED
------------------------------------------------------------
Failures:
  <NO_OTHER_FAILURES>
------------------------------------------------------------
Root Cause (first observed failure):
[0]:
  time      : 2024-03-18_14:39:33
  host      : bgw-server
  rank      : 0 (local_rank: 0)
  exitcode  : 2 (pid: 1042681)
  error_file: <N/A>
  traceback : To enable traceback see: https://pytorch.org/docs/stable/elastic/errors.html
============================================================
start
Output for bgw-server: CompletedProcess(args='torchrun --nnodes=4 --nproc_per_node=1 --node_rank=0 --master_addr=10.0.2.7 --master_port=20000             run.py --hidden_size=128 --emb_size=128 --dropout=0.1 --lr=0.0001 --batch_size=256             --n_head=8 > nohup.out 2>&1 &', returncode=0, stdout='', stderr='')
stop
